(---------------------------------------------------------------------)
(                                                                     )
(    Allegro Netrev Import Logic                                      )
(                                                                     )
(    Drawing          : core.brd                                      )
(    Software Version : 17.4S016                                      )
(    Date/Time        : Mon Apr 12 15:43:36 2021                      )
(                                                                     )
(---------------------------------------------------------------------)


------ Directives ------------

Ripup etch:                  No
Ripup delete first segment:  No
Ripup retain bondwire:       No
Ripup symbols:               Always
Missing symbol has error:    No
DRC update:                  Yes
Schematic directory:         'D:/temp_desktop/Graduate/Design/Hardware/scheme/core/allegro'
Design Directory:            'D:/temp_desktop/Graduate/Design/Hardware/scheme/core/PCB'
Old design name:             'D:/temp_desktop/Graduate/Design/Hardware/scheme/core/PCB/core.brd'
New design name:             'D:/temp_desktop/Graduate/Design/Hardware/scheme/core/PCB/core.brd'

CmdLine: netrev -$ -i D:/temp_desktop/Graduate/Design/Hardware/scheme/core/allegro -y 1 -h -q netrev_constraint_report.xml D:/temp_desktop/Graduate/Design/Hardware/scheme/core/PCB/#Taaaaat21036.tmp

------ Preparing to read pst files ------

Starting to read D:/temp_desktop/Graduate/Design/Hardware/scheme/core/allegro/pstchip.dat 
   Finished reading D:/temp_desktop/Graduate/Design/Hardware/scheme/core/allegro/pstchip.dat (00:00:00.02)
Starting to read D:/temp_desktop/Graduate/Design/Hardware/scheme/core/allegro/pstxprt.dat 
   Finished reading D:/temp_desktop/Graduate/Design/Hardware/scheme/core/allegro/pstxprt.dat (00:00:00.00)
Starting to read D:/temp_desktop/Graduate/Design/Hardware/scheme/core/allegro/pstxnet.dat 
   Finished reading D:/temp_desktop/Graduate/Design/Hardware/scheme/core/allegro/pstxnet.dat (00:00:00.00)

------ Oversights/Warnings/Errors ------


------ Library Paths ------
MODULEPATH =  . 
           d:/cadence/cadence/cadence_spb_17.4-2019/share/local/pcb/modules 

PSMPATH =  . 
           symbols 
           .. 
           ../symbols 
           d:/cadence/cadence/cadence_spb_17.4-2019/share/local/pcb/symbols 
           d:/cadence/cadence/cadence_spb_17.4-2019/share/pcb/pcb_lib/symbols 
           d:/cadence/cadence/cadence_spb_17.4-2019/share/pcb/allegrolib/symbols 
           D:/temp_desktop/Graduate/Design/Hardware/FootPrint/PSM 
           D:/temp_desktop/Graduate/Design/Hardware/FootPrint/BSM 

PADPATH =  . 
           symbols 
           .. 
           ../symbols 
           d:/cadence/cadence/cadence_spb_17.4-2019/share/local/pcb/padstacks 
           d:/cadence/cadence/cadence_spb_17.4-2019/share/pcb/pcb_lib/symbols 
           d:/cadence/cadence/cadence_spb_17.4-2019/share/pcb/allegrolib/symbols 
           D:/temp_desktop/Graduate/Design/Hardware/FootPrint/PAD 


------ Summary Statistics ------


netrev run on Apr 12 15:43:36 2021
   DESIGN NAME : 'CORE'
   PACKAGING ON Mar 12 2021 23:45:35

   COMPILE 'logic'
   CHECK_PIN_NAMES OFF
   CROSS_REFERENCE OFF
   FEEDBACK OFF
   INCREMENTAL OFF
   INTERFACE_TYPE PHYSICAL
   MAX_ERRORS 500
   MERGE_MINIMUM 5
   NET_NAME_CHARS '#%&()*+-./:=>?@[]^_`|'
   NET_NAME_LENGTH 24
   OVERSIGHTS ON
   REPLACE_CHECK OFF
   SINGLE_NODE_NETS ON
   SPLIT_MINIMUM 0
   SUPPRESS   20
   WARNINGS ON

 No error detected
 No oversight detected
 No warning detected

cpu time      0:01:48
elapsed time  0:00:01

