EDA Netlist Writer report for Design_Of_Graduation
Fri Apr 16 22:32:45 2021
Quartus Prime Version 18.1.0 Build 625 09/12/2018 SJ Standard Edition


---------------------
; Table of Contents ;
---------------------
  1. Legal Notice
  2. EDA Netlist Writer Summary
  3. Simulation Settings
  4. Simulation Generated Files
  5. EDA Netlist Writer Messages



----------------
; Legal Notice ;
----------------
Copyright (C) 2018  Intel Corporation. All rights reserved.
Your use of Intel Corporation's design tools, logic functions 
and other software and tools, and its AMPP partner logic 
functions, and any output files from any of the foregoing 
(including device programming or simulation files), and any 
associated documentation or information are expressly subject 
to the terms and conditions of the Intel Program License 
Subscription Agreement, the Intel Quartus Prime License Agreement,
the Intel FPGA IP License Agreement, or other applicable license
agreement, including, without limitation, that your use is for
the sole purpose of programming logic devices manufactured by
Intel and sold by Intel or its authorized distributors.  Please
refer to the applicable agreement for further details.



+-------------------------------------------------------------------+
; EDA Netlist Writer Summary                                        ;
+---------------------------+---------------------------------------+
; EDA Netlist Writer Status ; Successful - Fri Apr 16 22:32:45 2021 ;
; Revision Name             ; Design_Of_Graduation                  ;
; Top-level Entity Name     ; Design_Of_Graduation                  ;
; Family                    ; Cyclone IV E                          ;
; Simulation Files Creation ; Successful                            ;
+---------------------------+---------------------------------------+


+-------------------------------------------------------------------------------------------------------------------------------+
; Simulation Settings                                                                                                           ;
+---------------------------------------------------------------------------------------------------+---------------------------+
; Option                                                                                            ; Setting                   ;
+---------------------------------------------------------------------------------------------------+---------------------------+
; Tool Name                                                                                         ; ModelSim-Altera (Verilog) ;
; Generate functional simulation netlist                                                            ; Off                       ;
; Time scale                                                                                        ; 1 ps                      ;
; Truncate long hierarchy paths                                                                     ; Off                       ;
; Map illegal HDL characters                                                                        ; Off                       ;
; Flatten buses into individual nodes                                                               ; Off                       ;
; Maintain hierarchy                                                                                ; Off                       ;
; Bring out device-wide set/reset signals as ports                                                  ; Off                       ;
; Enable glitch filtering                                                                           ; Off                       ;
; Do not write top level VHDL entity                                                                ; Off                       ;
; Disable detection of setup and hold time violations in the input registers of bi-directional pins ; Off                       ;
; Architecture name in VHDL output netlist                                                          ; structure                 ;
; Generate third-party EDA tool command script for RTL functional simulation                        ; Off                       ;
; Generate third-party EDA tool command script for gate-level simulation                            ; Off                       ;
+---------------------------------------------------------------------------------------------------+---------------------------+


+-----------------------------------------------------------------------------------------------------+
; Simulation Generated Files                                                                          ;
+-----------------------------------------------------------------------------------------------------+
; Generated Files                                                                                     ;
+-----------------------------------------------------------------------------------------------------+
; D:/temp_desktop/Graduate/Design/FPGA/simulation/qsim//Design_Of_Graduation_8l_1000mv_85c_slow.vo    ;
; D:/temp_desktop/Graduate/Design/FPGA/simulation/qsim//Design_Of_Graduation_8l_1000mv_0c_slow.vo     ;
; D:/temp_desktop/Graduate/Design/FPGA/simulation/qsim//Design_Of_Graduation_min_1000mv_0c_fast.vo    ;
; D:/temp_desktop/Graduate/Design/FPGA/simulation/qsim//Design_Of_Graduation.vo                       ;
; D:/temp_desktop/Graduate/Design/FPGA/simulation/qsim//Design_Of_Graduation_8l_1000mv_85c_v_slow.sdo ;
; D:/temp_desktop/Graduate/Design/FPGA/simulation/qsim//Design_Of_Graduation_8l_1000mv_0c_v_slow.sdo  ;
; D:/temp_desktop/Graduate/Design/FPGA/simulation/qsim//Design_Of_Graduation_min_1000mv_0c_v_fast.sdo ;
; D:/temp_desktop/Graduate/Design/FPGA/simulation/qsim//Design_Of_Graduation_v.sdo                    ;
+-----------------------------------------------------------------------------------------------------+


+-----------------------------+
; EDA Netlist Writer Messages ;
+-----------------------------+
Info: *******************************************************************
Info: Running Quartus Prime EDA Netlist Writer
    Info: Version 18.1.0 Build 625 09/12/2018 SJ Standard Edition
    Info: Copyright (C) 2018  Intel Corporation. All rights reserved.
    Info: Your use of Intel Corporation's design tools, logic functions 
    Info: and other software and tools, and its AMPP partner logic 
    Info: functions, and any output files from any of the foregoing 
    Info: (including device programming or simulation files), and any 
    Info: associated documentation or information are expressly subject 
    Info: to the terms and conditions of the Intel Program License 
    Info: Subscription Agreement, the Intel Quartus Prime License Agreement,
    Info: the Intel FPGA IP License Agreement, or other applicable license
    Info: agreement, including, without limitation, that your use is for
    Info: the sole purpose of programming logic devices manufactured by
    Info: Intel and sold by Intel or its authorized distributors.  Please
    Info: refer to the applicable agreement for further details.
    Info: Processing started: Fri Apr 16 22:32:40 2021
Info: Command: quartus_eda --write_settings_files=off --simulation=on --functional=off --flatten_buses=off --timescale=1ps --tool=modelsim_oem --format=verilog --output_directory=D:/temp_desktop/Graduate/Design/FPGA/simulation/qsim/ Design_Of_Graduation -c Design_Of_Graduation
Info (204019): Generated file Design_Of_Graduation_8l_1000mv_85c_slow.vo in folder "D:/temp_desktop/Graduate/Design/FPGA/simulation/qsim//" for EDA simulation tool
Info (204019): Generated file Design_Of_Graduation_8l_1000mv_0c_slow.vo in folder "D:/temp_desktop/Graduate/Design/FPGA/simulation/qsim//" for EDA simulation tool
Info (204019): Generated file Design_Of_Graduation_min_1000mv_0c_fast.vo in folder "D:/temp_desktop/Graduate/Design/FPGA/simulation/qsim//" for EDA simulation tool
Info (204019): Generated file Design_Of_Graduation.vo in folder "D:/temp_desktop/Graduate/Design/FPGA/simulation/qsim//" for EDA simulation tool
Info (204019): Generated file Design_Of_Graduation_8l_1000mv_85c_v_slow.sdo in folder "D:/temp_desktop/Graduate/Design/FPGA/simulation/qsim//" for EDA simulation tool
Info (204019): Generated file Design_Of_Graduation_8l_1000mv_0c_v_slow.sdo in folder "D:/temp_desktop/Graduate/Design/FPGA/simulation/qsim//" for EDA simulation tool
Info (204019): Generated file Design_Of_Graduation_min_1000mv_0c_v_fast.sdo in folder "D:/temp_desktop/Graduate/Design/FPGA/simulation/qsim//" for EDA simulation tool
Info (204019): Generated file Design_Of_Graduation_v.sdo in folder "D:/temp_desktop/Graduate/Design/FPGA/simulation/qsim//" for EDA simulation tool
Info: Quartus Prime EDA Netlist Writer was successful. 0 errors, 0 warnings
    Info: Peak virtual memory: 4662 megabytes
    Info: Processing ended: Fri Apr 16 22:32:45 2021
    Info: Elapsed time: 00:00:05
    Info: Total CPU time (on all processors): 00:00:05


