Partition Merge report for Design_Of_Graduation
Thu Mar 18 08:59:55 2021
Quartus Prime Version 18.1.0 Build 625 09/12/2018 SJ Standard Edition


---------------------
; Table of Contents ;
---------------------
  1. Legal Notice
  2. Partition Merge Summary
  3. Partition Merge Netlist Types Used
  4. Connections to In-System Debugging Instance "auto_signaltap_0"
  5. Partition Merge Partition Statistics
  6. Partition Merge Partition Pin Processing
  7. Partition Merge Resource Usage Summary
  8. Partition Merge RAM Summary
  9. Partition Merge Messages



----------------
; Legal Notice ;
----------------
Copyright (C) 2018  Intel Corporation. All rights reserved.
Your use of Intel Corporation's design tools, logic functions 
and other software and tools, and its AMPP partner logic 
functions, and any output files from any of the foregoing 
(including device programming or simulation files), and any 
associated documentation or information are expressly subject 
to the terms and conditions of the Intel Program License 
Subscription Agreement, the Intel Quartus Prime License Agreement,
the Intel FPGA IP License Agreement, or other applicable license
agreement, including, without limitation, that your use is for
the sole purpose of programming logic devices manufactured by
Intel and sold by Intel or its authorized distributors.  Please
refer to the applicable agreement for further details.



+--------------------------------------------------------------------------------------+
; Partition Merge Summary                                                              ;
+------------------------------------+-------------------------------------------------+
; Partition Merge Status             ; Successful - Thu Mar 18 08:59:55 2021           ;
; Quartus Prime Version              ; 18.1.0 Build 625 09/12/2018 SJ Standard Edition ;
; Revision Name                      ; Design_Of_Graduation                            ;
; Top-level Entity Name              ; Design_Of_Graduation                            ;
; Family                             ; Cyclone IV E                                    ;
; Total logic elements               ; 623                                             ;
;     Total combinational functions  ; 487                                             ;
;     Dedicated logic registers      ; 416                                             ;
; Total registers                    ; 416                                             ;
; Total pins                         ; 5                                               ;
; Total virtual pins                 ; 0                                               ;
; Total memory bits                  ; 256                                             ;
; Embedded Multiplier 9-bit elements ; 0                                               ;
; Total PLLs                         ; 0                                               ;
+------------------------------------+-------------------------------------------------+


+-------------------------------------------------------------------------------------------------------------------------------+
; Partition Merge Netlist Types Used                                                                                            ;
+--------------------------------+----------------+-------------------+------------------------+--------------------------------+
; Partition Name                 ; Partition Type ; Netlist Type Used ; Netlist Type Requested ; Partition Contents             ;
+--------------------------------+----------------+-------------------+------------------------+--------------------------------+
; Top                            ; User-created   ; Source File       ; Post-Fit               ;                                ;
; sld_hub:auto_hub               ; Auto-generated ; Post-Synthesis    ; Post-Synthesis         ; sld_hub:auto_hub               ;
; sld_signaltap:auto_signaltap_0 ; Auto-generated ; Post-Synthesis    ; Post-Synthesis         ; sld_signaltap:auto_signaltap_0 ;
; hard_block:auto_generated_inst ; Auto-generated ; Source File       ; Source File            ; hard_block:auto_generated_inst ;
+--------------------------------+----------------+-------------------+------------------------+--------------------------------+


+-----------------------------------------------------------------------------------------------------------------------------------------------------------+
; Connections to In-System Debugging Instance "auto_signaltap_0"                                                                                            ;
+---------------------------+--------------+-----------+--------------------------------+-------------------+-------------------------------------+---------+
; Name                      ; Type         ; Status    ; Partition Name                 ; Netlist Type Used ; Actual Connection                   ; Details ;
+---------------------------+--------------+-----------+--------------------------------+-------------------+-------------------------------------+---------+
; En                        ; post-fitting ; connected ; Top                            ; post-synthesis    ; En                                  ; N/A     ;
; En                        ; post-fitting ; connected ; Top                            ; post-synthesis    ; En                                  ; N/A     ;
; auto_signaltap_0|gnd      ; post-fitting ; connected ; sld_signaltap:auto_signaltap_0 ; post-synthesis    ; sld_signaltap:auto_signaltap_0|~GND ; N/A     ;
; auto_signaltap_0|gnd      ; post-fitting ; connected ; sld_signaltap:auto_signaltap_0 ; post-synthesis    ; sld_signaltap:auto_signaltap_0|~GND ; N/A     ;
; auto_signaltap_0|gnd      ; post-fitting ; connected ; sld_signaltap:auto_signaltap_0 ; post-synthesis    ; sld_signaltap:auto_signaltap_0|~GND ; N/A     ;
; auto_signaltap_0|gnd      ; post-fitting ; connected ; sld_signaltap:auto_signaltap_0 ; post-synthesis    ; sld_signaltap:auto_signaltap_0|~GND ; N/A     ;
; auto_signaltap_0|gnd      ; post-fitting ; connected ; sld_signaltap:auto_signaltap_0 ; post-synthesis    ; sld_signaltap:auto_signaltap_0|~GND ; N/A     ;
; auto_signaltap_0|gnd      ; post-fitting ; connected ; sld_signaltap:auto_signaltap_0 ; post-synthesis    ; sld_signaltap:auto_signaltap_0|~GND ; N/A     ;
; auto_signaltap_0|gnd      ; post-fitting ; connected ; sld_signaltap:auto_signaltap_0 ; post-synthesis    ; sld_signaltap:auto_signaltap_0|~GND ; N/A     ;
; auto_signaltap_0|gnd      ; post-fitting ; connected ; sld_signaltap:auto_signaltap_0 ; post-synthesis    ; sld_signaltap:auto_signaltap_0|~GND ; N/A     ;
; auto_signaltap_0|gnd      ; post-fitting ; connected ; sld_signaltap:auto_signaltap_0 ; post-synthesis    ; sld_signaltap:auto_signaltap_0|~GND ; N/A     ;
; auto_signaltap_0|gnd      ; post-fitting ; connected ; sld_signaltap:auto_signaltap_0 ; post-synthesis    ; sld_signaltap:auto_signaltap_0|~GND ; N/A     ;
; auto_signaltap_0|gnd      ; post-fitting ; connected ; sld_signaltap:auto_signaltap_0 ; post-synthesis    ; sld_signaltap:auto_signaltap_0|~GND ; N/A     ;
; auto_signaltap_0|gnd      ; post-fitting ; connected ; sld_signaltap:auto_signaltap_0 ; post-synthesis    ; sld_signaltap:auto_signaltap_0|~GND ; N/A     ;
; auto_signaltap_0|gnd      ; post-fitting ; connected ; sld_signaltap:auto_signaltap_0 ; post-synthesis    ; sld_signaltap:auto_signaltap_0|~GND ; N/A     ;
; auto_signaltap_0|gnd      ; post-fitting ; connected ; sld_signaltap:auto_signaltap_0 ; post-synthesis    ; sld_signaltap:auto_signaltap_0|~GND ; N/A     ;
; auto_signaltap_0|gnd      ; post-fitting ; connected ; sld_signaltap:auto_signaltap_0 ; post-synthesis    ; sld_signaltap:auto_signaltap_0|~GND ; N/A     ;
; auto_signaltap_0|vcc      ; post-fitting ; connected ; sld_signaltap:auto_signaltap_0 ; post-synthesis    ; sld_signaltap:auto_signaltap_0|~VCC ; N/A     ;
; auto_signaltap_0|vcc      ; post-fitting ; connected ; sld_signaltap:auto_signaltap_0 ; post-synthesis    ; sld_signaltap:auto_signaltap_0|~VCC ; N/A     ;
; auto_signaltap_0|vcc      ; post-fitting ; connected ; sld_signaltap:auto_signaltap_0 ; post-synthesis    ; sld_signaltap:auto_signaltap_0|~VCC ; N/A     ;
; auto_signaltap_0|vcc      ; post-fitting ; connected ; sld_signaltap:auto_signaltap_0 ; post-synthesis    ; sld_signaltap:auto_signaltap_0|~VCC ; N/A     ;
; auto_signaltap_0|vcc      ; post-fitting ; connected ; sld_signaltap:auto_signaltap_0 ; post-synthesis    ; sld_signaltap:auto_signaltap_0|~VCC ; N/A     ;
; auto_signaltap_0|vcc      ; post-fitting ; connected ; sld_signaltap:auto_signaltap_0 ; post-synthesis    ; sld_signaltap:auto_signaltap_0|~VCC ; N/A     ;
; auto_signaltap_0|vcc      ; post-fitting ; connected ; sld_signaltap:auto_signaltap_0 ; post-synthesis    ; sld_signaltap:auto_signaltap_0|~VCC ; N/A     ;
; auto_signaltap_0|vcc      ; post-fitting ; connected ; sld_signaltap:auto_signaltap_0 ; post-synthesis    ; sld_signaltap:auto_signaltap_0|~VCC ; N/A     ;
; auto_signaltap_0|vcc      ; post-fitting ; connected ; sld_signaltap:auto_signaltap_0 ; post-synthesis    ; sld_signaltap:auto_signaltap_0|~VCC ; N/A     ;
; auto_signaltap_0|vcc      ; post-fitting ; connected ; sld_signaltap:auto_signaltap_0 ; post-synthesis    ; sld_signaltap:auto_signaltap_0|~VCC ; N/A     ;
; auto_signaltap_0|vcc      ; post-fitting ; connected ; sld_signaltap:auto_signaltap_0 ; post-synthesis    ; sld_signaltap:auto_signaltap_0|~VCC ; N/A     ;
; auto_signaltap_0|vcc      ; post-fitting ; connected ; sld_signaltap:auto_signaltap_0 ; post-synthesis    ; sld_signaltap:auto_signaltap_0|~VCC ; N/A     ;
; auto_signaltap_0|vcc      ; post-fitting ; connected ; sld_signaltap:auto_signaltap_0 ; post-synthesis    ; sld_signaltap:auto_signaltap_0|~VCC ; N/A     ;
; auto_signaltap_0|vcc      ; post-fitting ; connected ; sld_signaltap:auto_signaltap_0 ; post-synthesis    ; sld_signaltap:auto_signaltap_0|~VCC ; N/A     ;
; auto_signaltap_0|vcc      ; post-fitting ; connected ; sld_signaltap:auto_signaltap_0 ; post-synthesis    ; sld_signaltap:auto_signaltap_0|~VCC ; N/A     ;
; auto_signaltap_0|vcc      ; post-fitting ; connected ; sld_signaltap:auto_signaltap_0 ; post-synthesis    ; sld_signaltap:auto_signaltap_0|~VCC ; N/A     ;
; auto_signaltap_0|vcc      ; post-fitting ; connected ; sld_signaltap:auto_signaltap_0 ; post-synthesis    ; sld_signaltap:auto_signaltap_0|~VCC ; N/A     ;
; tclk                      ; post-fitting ; connected ; Top                            ; post-synthesis    ; tclk                                ; N/A     ;
; tclk                      ; post-fitting ; connected ; Top                            ; post-synthesis    ; tclk                                ; N/A     ;
; auto_stp_external_clock_0 ; dynamic pin  ; connected ; Top                            ; post-synthesis    ; auto_stp_external_clock_0           ; N/A     ;
+---------------------------+--------------+-----------+--------------------------------+-------------------+-------------------------------------+---------+


+----------------------------------------------------------------------------------------------------------------------------------------+
; Partition Merge Partition Statistics                                                                                                   ;
+---------------------------------------------+-----+------------------+--------------------------------+--------------------------------+
; Statistic                                   ; Top ; sld_hub:auto_hub ; sld_signaltap:auto_signaltap_0 ; hard_block:auto_generated_inst ;
+---------------------------------------------+-----+------------------+--------------------------------+--------------------------------+
; Estimated Total logic elements              ; 69  ; 155              ; 399                            ; 0                              ;
;                                             ;     ;                  ;                                ;                                ;
; Total combinational functions               ; 69  ; 128              ; 290                            ; 0                              ;
; Logic element usage by number of LUT inputs ;     ;                  ;                                ;                                ;
;     -- 4 input functions                    ; 31  ; 54               ; 117                            ; 0                              ;
;     -- 3 input functions                    ; 15  ; 38               ; 84                             ; 0                              ;
;     -- <=2 input functions                  ; 23  ; 36               ; 89                             ; 0                              ;
;                                             ;     ;                  ;                                ;                                ;
; Logic elements by mode                      ;     ;                  ;                                ;                                ;
;     -- normal mode                          ; 50  ; 120              ; 229                            ; 0                              ;
;     -- arithmetic mode                      ; 19  ; 8                ; 61                             ; 0                              ;
;                                             ;     ;                  ;                                ;                                ;
; Total registers                             ; 32  ; 91               ; 293                            ; 0                              ;
;     -- Dedicated logic registers            ; 32  ; 91               ; 293                            ; 0                              ;
;     -- I/O registers                        ; 0   ; 0                ; 0                              ; 0                              ;
;                                             ;     ;                  ;                                ;                                ;
; Virtual pins                                ; 0   ; 0                ; 0                              ; 0                              ;
; I/O pins                                    ; 5   ; 0                ; 0                              ; 0                              ;
; Embedded Multiplier 9-bit elements          ; 0   ; 0                ; 0                              ; 0                              ;
; Total memory bits                           ; 0   ; 0                ; 256                            ; 0                              ;
; Total RAM block bits                        ; 0   ; 0                ; 0                              ; 0                              ;
; JTAG                                        ; 1   ; 0                ; 0                              ; 0                              ;
;                                             ;     ;                  ;                                ;                                ;
; Connections                                 ;     ;                  ;                                ;                                ;
;     -- Input Connections                    ; 1   ; 134              ; 477                            ; 0                              ;
;     -- Registered Input Connections         ; 0   ; 102              ; 321                            ; 0                              ;
;     -- Output Connections                   ; 429 ; 149              ; 34                             ; 0                              ;
;     -- Registered Output Connections        ; 0   ; 149              ; 0                              ; 0                              ;
;                                             ;     ;                  ;                                ;                                ;
; Internal Connections                        ;     ;                  ;                                ;                                ;
;     -- Total Connections                    ; 725 ; 844              ; 1949                           ; 0                              ;
;     -- Registered Connections               ; 128 ; 612              ; 1002                           ; 0                              ;
;                                             ;     ;                  ;                                ;                                ;
; External Connections                        ;     ;                  ;                                ;                                ;
;     -- Top                                  ; 0   ; 123              ; 307                            ; 0                              ;
;     -- sld_hub:auto_hub                     ; 123 ; 20               ; 140                            ; 0                              ;
;     -- sld_signaltap:auto_signaltap_0       ; 307 ; 140              ; 64                             ; 0                              ;
;     -- hard_block:auto_generated_inst       ; 0   ; 0                ; 0                              ; 0                              ;
;                                             ;     ;                  ;                                ;                                ;
; Partition Interface                         ;     ;                  ;                                ;                                ;
;     -- Input Ports                          ; 6   ; 45               ; 75                             ; 0                              ;
;     -- Output Ports                         ; 3   ; 62               ; 19                             ; 0                              ;
;     -- Bidir Ports                          ; 0   ; 0                ; 0                              ; 0                              ;
;                                             ;     ;                  ;                                ;                                ;
; Registered Ports                            ;     ;                  ;                                ;                                ;
;     -- Registered Input Ports               ; 0   ; 4                ; 10                             ; 0                              ;
;     -- Registered Output Ports              ; 0   ; 29               ; 5                              ; 0                              ;
;                                             ;     ;                  ;                                ;                                ;
; Port Connectivity                           ;     ;                  ;                                ;                                ;
;     -- Input Ports driven by GND            ; 0   ; 0                ; 15                             ; 0                              ;
;     -- Output Ports driven by GND           ; 0   ; 28               ; 2                              ; 0                              ;
;     -- Input Ports driven by VCC            ; 0   ; 0                ; 17                             ; 0                              ;
;     -- Output Ports driven by VCC           ; 0   ; 0                ; 1                              ; 0                              ;
;     -- Input Ports with no Source           ; 0   ; 25               ; 6                              ; 0                              ;
;     -- Output Ports with no Source          ; 0   ; 0                ; 0                              ; 0                              ;
;     -- Input Ports with no Fanout           ; 0   ; 30               ; 20                             ; 0                              ;
;     -- Output Ports with no Fanout          ; 0   ; 29               ; 7                              ; 0                              ;
+---------------------------------------------+-----+------------------+--------------------------------+--------------------------------+
Note: Resource usage numbers presented for Partitions containing post-synthesis logic are estimates.  For Partitions containing post-fit logic, resource usage numbers are accurate based on previous placement information.  Actual Fitter results may vary depending on current Fitter Preservation Level assignments.


+-------------------------------------------------------------------------------------------------------------------------+
; Partition Merge Partition Pin Processing                                                                                ;
+-----------------------------------------------+--------------------------------+---------------+----------+-------------+
; Name                                          ; Partition                      ; Type          ; Location ; Status      ;
+-----------------------------------------------+--------------------------------+---------------+----------+-------------+
; CLK                                           ; Top                            ; Output Port   ; n/a      ;             ;
;     -- CLK                                    ; Top                            ; Output Pad    ; Unplaced ; Synthesized ;
;     -- CLK~output                             ; Top                            ; Output Buffer ; Unplaced ; Synthesized ;
;                                               ;                                ;               ;          ;             ;
; En                                            ; Top                            ; Input Port    ; n/a      ;             ;
;     -- En                                     ; Top                            ; Input Pad     ; Unplaced ; Synthesized ;
;     -- En~input                               ; Top                            ; Input Buffer  ; Unplaced ; Synthesized ;
;                                               ;                                ;               ;          ;             ;
; TXD                                           ; Top                            ; Output Port   ; n/a      ;             ;
;     -- TXD                                    ; Top                            ; Output Pad    ; Unplaced ; Synthesized ;
;     -- TXD~output                             ; Top                            ; Output Buffer ; Unplaced ; Synthesized ;
;                                               ;                                ;               ;          ;             ;
; altera_reserved_tck                           ; Top                            ; Input Port    ; n/a      ;             ;
;     -- altera_reserved_tck                    ; Top                            ; Input Pad     ; Unplaced ; Synthesized ;
;     -- altera_reserved_tck~input              ; Top                            ; Input Buffer  ; Unplaced ; Synthesized ;
;                                               ;                                ;               ;          ;             ;
; altera_reserved_tdi                           ; Top                            ; Input Port    ; n/a      ;             ;
;     -- altera_reserved_tdi                    ; Top                            ; Input Pad     ; Unplaced ; Synthesized ;
;     -- altera_reserved_tdi~input              ; Top                            ; Input Buffer  ; Unplaced ; Synthesized ;
;                                               ;                                ;               ;          ;             ;
; altera_reserved_tdo                           ; Top                            ; Output Port   ; n/a      ;             ;
;     -- altera_reserved_tdo                    ; Top                            ; Output Pad    ; Unplaced ; Synthesized ;
;     -- altera_reserved_tdo~output             ; Top                            ; Output Buffer ; Unplaced ; Synthesized ;
;                                               ;                                ;               ;          ;             ;
; altera_reserved_tms                           ; Top                            ; Input Port    ; n/a      ;             ;
;     -- altera_reserved_tms                    ; Top                            ; Input Pad     ; Unplaced ; Synthesized ;
;     -- altera_reserved_tms~input              ; Top                            ; Input Buffer  ; Unplaced ; Synthesized ;
;                                               ;                                ;               ;          ;             ;
; auto_stp_external_clock_0                     ; Top                            ; Input Port    ; n/a      ;             ;
;     -- auto_stp_external_clock_0              ; Top                            ; Input Pad     ; Unplaced ; Synthesized ;
;     -- auto_stp_external_clock_0~input        ; Top                            ; Input Buffer  ; Unplaced ; Synthesized ;
;     -- sld_signaltap:auto_signaltap_0|acq_clk ; sld_signaltap:auto_signaltap_0 ; Input Port    ; n/a      ;             ;
;                                               ;                                ;               ;          ;             ;
; tclk                                          ; Top                            ; Input Port    ; n/a      ;             ;
;     -- tclk                                   ; Top                            ; Input Pad     ; Unplaced ; Synthesized ;
;     -- tclk~input                             ; Top                            ; Input Buffer  ; Unplaced ; Synthesized ;
;                                               ;                                ;               ;          ;             ;
+-----------------------------------------------+--------------------------------+---------------+----------+-------------+


+------------------------------------------------------------------------+
; Partition Merge Resource Usage Summary                                 ;
+---------------------------------------------+--------------------------+
; Resource                                    ; Usage                    ;
+---------------------------------------------+--------------------------+
; Estimated Total logic elements              ; 623                      ;
;                                             ;                          ;
; Total combinational functions               ; 487                      ;
; Logic element usage by number of LUT inputs ;                          ;
;     -- 4 input functions                    ; 202                      ;
;     -- 3 input functions                    ; 137                      ;
;     -- <=2 input functions                  ; 148                      ;
;                                             ;                          ;
; Logic elements by mode                      ;                          ;
;     -- normal mode                          ; 399                      ;
;     -- arithmetic mode                      ; 88                       ;
;                                             ;                          ;
; Total registers                             ; 416                      ;
;     -- Dedicated logic registers            ; 416                      ;
;     -- I/O registers                        ; 0                        ;
;                                             ;                          ;
; I/O pins                                    ; 5                        ;
; Total memory bits                           ; 256                      ;
;                                             ;                          ;
; Embedded Multiplier 9-bit elements          ; 0                        ;
;                                             ;                          ;
; Maximum fan-out node                        ; altera_internal_jtag~TDO ;
; Maximum fan-out                             ; 294                      ;
; Total fan-out                               ; 2923                     ;
; Average fan-out                             ; 3.16                     ;
+---------------------------------------------+--------------------------+


+-----------------------------------------------------------------------------------------------------------------------------------------------------------------------------------------------------------------------------------------------------------------------------------------------------------+
; Partition Merge RAM Summary                                                                                                                                                                                                                                                                               ;
+-------------------------------------------------------------------------------------------------------------------------------------------------------------------------------------------------------+------+------------------+--------------+--------------+--------------+--------------+------+------+
; Name                                                                                                                                                                                                  ; Type ; Mode             ; Port A Depth ; Port A Width ; Port B Depth ; Port B Width ; Size ; MIF  ;
+-------------------------------------------------------------------------------------------------------------------------------------------------------------------------------------------------------+------+------------------+--------------+--------------+--------------+--------------+------+------+
; sld_signaltap:auto_signaltap_0|sld_signaltap_impl:sld_signaltap_body|sld_signaltap_implb:sld_signaltap_body|altsyncram:\stp_non_zero_ram_gen:stp_buffer_ram|altsyncram_q124:auto_generated|ALTSYNCRAM ; AUTO ; Simple Dual Port ; 128          ; 2            ; 128          ; 2            ; 256  ; None ;
+-------------------------------------------------------------------------------------------------------------------------------------------------------------------------------------------------------+------+------------------+--------------+--------------+--------------+--------------+------+------+


+--------------------------+
; Partition Merge Messages ;
+--------------------------+
Info: *******************************************************************
Info: Running Quartus Prime Partition Merge
    Info: Version 18.1.0 Build 625 09/12/2018 SJ Standard Edition
    Info: Processing started: Thu Mar 18 08:59:51 2021
Info: Command: quartus_cdb --read_settings_files=off --write_settings_files=off Design_Of_Graduation -c Design_Of_Graduation --merge=on
Warning (35010): Previously generated Fitter netlist for partition "Top" is older than current Synthesis netlist -- using the current Synthesis netlist instead to ensure that the latest source changes are included
    Info (35011): Set the option to Ignore source file changes to force the Quartus Prime software to always use a previously generated Fitter netlist
Info (35007): Using synthesis netlist for partition "Top"
Info (35007): Using synthesis netlist for partition "sld_hub:auto_hub"
Info (35007): Using synthesis netlist for partition "sld_signaltap:auto_signaltap_0"
Info (35024): Successfully connected in-system debug instance "auto_signaltap_0" to all 37 required data inputs, trigger inputs, acquisition clocks, and dynamic pins
Info (35002): Resolved and merged 3 partition(s)
Info (16010): Generating hard_block partition "hard_block:auto_generated_inst"
    Info (16011): Adding 0 node(s), including 0 DDIO, 0 PLL, 0 transceiver and 0 LCELL
Info (21057): Implemented 664 device resources after synthesis - the final resource count might be different
    Info (21058): Implemented 6 input pins
    Info (21059): Implemented 3 output pins
    Info (21061): Implemented 652 logic cells
    Info (21064): Implemented 2 RAM segments
Info: Quartus Prime Partition Merge was successful. 0 errors, 1 warning
    Info: Peak virtual memory: 4696 megabytes
    Info: Processing ended: Thu Mar 18 08:59:55 2021
    Info: Elapsed time: 00:00:04
    Info: Total CPU time (on all processors): 00:00:03


